0 info it worked if it ends with ok
1 verbose cli [ 'C:\\Program Files\\nodejs\\node.exe',
1 verbose cli   'C:\\Users\\johndeu\\AppData\\Roaming\\npm\\node_modules\\npm\\bin\\npm-cli.js',
1 verbose cli   'run',
1 verbose cli   'lite' ]
2 info using npm@3.5.3
3 info using node@v5.4.1
4 verbose run-script [ 'prelite', 'lite', 'postlite' ]
5 info lifecycle magicmirror@1.0.0~prelite: magicmirror@1.0.0
6 silly lifecycle magicmirror@1.0.0~prelite: no script for prelite, continuing
7 info lifecycle magicmirror@1.0.0~lite: magicmirror@1.0.0
8 verbose lifecycle magicmirror@1.0.0~lite: unsafe-perm in lifecycle true
9 verbose lifecycle magicmirror@1.0.0~lite: PATH: C:\Users\johndeu\AppData\Roaming\npm\node_modules\npm\bin\node-gyp-bin;C:\Users\johndeu\OneDrive\Source\IOT\magicmirror\MagicMirror\node_modules\.bin;C:\Users\johndeu\AppData\Roaming\npm\node_modules\npm\bin\node-gyp-bin;C:\Users\johndeu\OneDrive\Source\IOT\magicmirror\MagicMirror\node_modules\.bin;C:\Program Files (x86)\iis express\PHP\v5.3;C:\PROGRAM FILES\COMMON FILES\MICROSOFT SHARED\MICROSOFT ONLINE SERVICES;C:\PROGRAM FILES (X86)\COMMON FILES\MICROSOFT SHARED\MICROSOFT ONLINE SERVICES;C:\WINDOWS\SYSTEM32;C:\WINDOWS;C:\WINDOWS\SYSTEM32\WBEM;C:\WINDOWS\SYSTEM32\WINDOWSPOWERSHELL\V1.0\;C:\PROGRAM FILES (X86)\MICROSOFT ASP.NET\ASP.NET WEB PAGES\V1.0\;C:\PROGRAM FILES\MICROSOFT SQL SERVER\110\TOOLS\BINN\;C:\Program Files\ThinkPad\Bluetooth Software\;C:\Program Files\ThinkPad\Bluetooth Software\syswow64;C:\Program Files (x86)\Intel\OpenCL SDK\2.0\bin\x86;C:\Program Files (x86)\Intel\OpenCL SDK\2.0\bin\x64;C:\Program Files\Intel\WiFi\bin\;C:\Program Files\Common Files\Intel\WirelessCommon\;C:\WINDOWS\system32;C:\WINDOWS\System32\Wbem;C:\WINDOWS\System32\WindowsPowerShell\v1.0\;C:\Chocolatey\bin;C:\Users\johndeu\AppData\Roaming\script;C:\Program Files (x86)\Windows Live\Shared;C:\Program Files\Microsoft\Web Platform Installer\;C:\Program Files (x86)\Microsoft SDKs\Windows Azure\CLI\wbin;C:\Program Files (x86)\QuickTime\QTSystem\;C:\Program Files (x86)\Microsoft SDKs\TypeScript\1.0\;C:\Program Files\Microsoft SQL Server\120\Tools\Binn\;C:\Program Files (x86)\Microsoft SDKs\Azure\CLI\wbin;C:\Users\johndeu\AppData\Roaming\npm;C:\WINDOWS\system32;C:\WINDOWS;C:\WINDOWS\System32\Wbem;C:\WINDOWS\System32\WindowsPowerShell\v1.0\;C:\Users\johndeu\.dnx\bin;C:\Program Files\Microsoft DNX\Dnvm\;C:\Program Files\Git\cmd;C:\Program Files (x86)\Common Files\Plantronics\;C:\Program Files (x86)\Plantronics\MyHeadsetUpdater\;C:\Program Files (x86)\Plantronics\VoyagerEdge\;C:\Program Files (x86)\Skype\Phone\;C:\Program Files\nodejs\;C:\Program Files\nodejs (chakracore)\;C:\Program Files (x86)\Windows Kits\10\Windows Performance Toolkit\;C:\Program Files (x86)\MSBuild\14.0\Bin;C:\Users\johndeu\.dnx\bin;C:\Program Files\Intel\WiFi\bin\;C:\Program Files\Common Files\Intel\WirelessCommon\;C:\Chocolatey\bin;C:\Users\johndeu\AppData\Roaming\scriptcs;C:\FFMPEG\AMS_2.6;C:\Users\johndeu\AppData\Local\Code\bin;C:\Program Files (x86)\Microsoft VS Code\bin;C:\Users\johndeu\AppData\Roaming\npm
10 verbose lifecycle magicmirror@1.0.0~lite: CWD: C:\Users\johndeu\OneDrive\Source\IOT\magicmirror\MagicMirror
11 silly lifecycle magicmirror@1.0.0~lite: Args: [ '/d /s /c', 'lite-server' ]
12 silly lifecycle magicmirror@1.0.0~lite: Returned: code: 3  signal: null
13 info lifecycle magicmirror@1.0.0~lite: Failed to exec lite script
14 verbose stack Error: magicmirror@1.0.0 lite: `lite-server`
14 verbose stack Exit status 3
14 verbose stack     at EventEmitter.<anonymous> (C:\Users\johndeu\AppData\Roaming\npm\node_modules\npm\lib\utils\lifecycle.js:232:16)
14 verbose stack     at emitTwo (events.js:87:13)
14 verbose stack     at EventEmitter.emit (events.js:172:7)
14 verbose stack     at ChildProcess.<anonymous> (C:\Users\johndeu\AppData\Roaming\npm\node_modules\npm\lib\utils\spawn.js:24:14)
14 verbose stack     at emitTwo (events.js:87:13)
14 verbose stack     at ChildProcess.emit (events.js:172:7)
14 verbose stack     at maybeClose (internal/child_process.js:821:16)
14 verbose stack     at Process.ChildProcess._handle.onexit (internal/child_process.js:211:5)
15 verbose pkgid magicmirror@1.0.0
16 verbose cwd C:\Users\johndeu\OneDrive\Source\IOT\magicmirror\MagicMirror
17 error Windows_NT 10.0.10586
18 error argv "C:\\Program Files\\nodejs\\node.exe" "C:\\Users\\johndeu\\AppData\\Roaming\\npm\\node_modules\\npm\\bin\\npm-cli.js" "run" "lite"
19 error node v5.4.1
20 error npm  v3.5.3
21 error code ELIFECYCLE
22 error magicmirror@1.0.0 lite: `lite-server`
22 error Exit status 3
23 error Failed at the magicmirror@1.0.0 lite script 'lite-server'.
23 error Make sure you have the latest version of node.js and npm installed.
23 error If you do, this is most likely a problem with the magicmirror package,
23 error not with npm itself.
23 error Tell the author that this fails on your system:
23 error     lite-server
23 error You can get information on how to open an issue for this project with:
23 error     npm bugs magicmirror
23 error Or if that isn't available, you can get their info via:
23 error     npm owner ls magicmirror
23 error There is likely additional logging output above.
24 verbose exit [ 1, true ]
